<?xml version="1.0" encoding="UTF-8"?>
<testng-results ignored="0" total="1" passed="1" failed="0" skipped="0">
  <reporter-output>
  </reporter-output>
  <suite started-at="2025-08-29T10:47:14 IST" name="Default suite" finished-at="2025-08-29T10:47:26 IST" duration-ms="11497">
    <groups>
    </groups>
    <test started-at="2025-08-29T10:47:14 IST" name="Default test" finished-at="2025-08-29T10:47:26 IST" duration-ms="11497">
      <class name="Pkg1.TC_Screenshot">
        <test-method signature="screenshottest()[pri:0, instance:Pkg1.TC_Screenshot@3b6ddd1d]" started-at="2025-08-29T10:47:14 IST" name="screenshottest" finished-at="2025-08-29T10:47:26 IST" duration-ms="11452" status="PASS">
          <reporter-output>
          </reporter-output>
        </test-method> <!-- screenshottest -->
      </class> <!-- Pkg1.TC_Screenshot -->
    </test> <!-- Default test -->
  </suite> <!-- Default suite -->
</testng-results>
