<?xml version="1.0" encoding="UTF-8"?>
<testng-results ignored="0" total="2" passed="2" failed="0" skipped="0">
  <reporter-output>
  </reporter-output>
  <suite started-at="2025-08-26T12:54:17 IST" name="Suite" finished-at="2025-08-26T12:54:48 IST" duration-ms="30219">
    <groups>
    </groups>
    <test started-at="2025-08-26T12:54:17 IST" name="TestLab08" finished-at="2025-08-26T12:54:48 IST" duration-ms="30219">
      <class name="Pkg1.Lab08_TestNG_Validlogin">
        <test-method is-config="true" signature="beforeMethod()[pri:0, instance:Pkg1.Lab08_TestNG_Validlogin@56cdfb3b]" started-at="2025-08-26T12:54:17 IST" name="beforeMethod" finished-at="2025-08-26T12:54:22 IST" duration-ms="4553" status="PASS">
          <reporter-output>
          </reporter-output>
        </test-method> <!-- beforeMethod -->
        <test-method signature="f()[pri:0, instance:Pkg1.Lab08_TestNG_Validlogin@56cdfb3b]" started-at="2025-08-26T12:54:22 IST" name="f" finished-at="2025-08-26T12:54:32 IST" duration-ms="9964" status="PASS">
          <reporter-output>
          </reporter-output>
        </test-method> <!-- f -->
        <test-method is-config="true" signature="afterMethod()[pri:0, instance:Pkg1.Lab08_TestNG_Validlogin@56cdfb3b]" started-at="2025-08-26T12:54:32 IST" name="afterMethod" finished-at="2025-08-26T12:54:32 IST" duration-ms="285" status="PASS">
          <reporter-output>
          </reporter-output>
        </test-method> <!-- afterMethod -->
      </class> <!-- Pkg1.Lab08_TestNG_Validlogin -->
      <class name="Pkg1.Lab08_TestNg_Lab04">
        <test-method is-config="true" signature="beforeMethod()[pri:0, instance:Pkg1.Lab08_TestNg_Lab04@3e11f9e9]" started-at="2025-08-26T12:54:32 IST" name="beforeMethod" finished-at="2025-08-26T12:54:35 IST" duration-ms="2937" status="PASS">
          <reporter-output>
          </reporter-output>
        </test-method> <!-- beforeMethod -->
        <test-method signature="f()[pri:0, instance:Pkg1.Lab08_TestNg_Lab04@3e11f9e9]" started-at="2025-08-26T12:54:35 IST" name="f" finished-at="2025-08-26T12:54:48 IST" duration-ms="12448" status="PASS">
          <reporter-output>
          </reporter-output>
        </test-method> <!-- f -->
        <test-method is-config="true" signature="afterMethod()[pri:0, instance:Pkg1.Lab08_TestNg_Lab04@3e11f9e9]" started-at="2025-08-26T12:54:48 IST" name="afterMethod" finished-at="2025-08-26T12:54:48 IST" duration-ms="0" status="PASS">
          <reporter-output>
          </reporter-output>
        </test-method> <!-- afterMethod -->
      </class> <!-- Pkg1.Lab08_TestNg_Lab04 -->
    </test> <!-- TestLab08 -->
  </suite> <!-- Suite -->
</testng-results>
